[2026-07-15 15:21:28] ПРЕДУПРЕЖДЕНИЕ: docker не найден. Информация о контейнерах будет пропущена.
[2026-07-15 15:21:28] === Server Diagnostics ===
[2026-07-15 15:21:28] Date:     2026-07-15 15:21:28
[2026-07-15 15:21:28] Hostname: DESKTOP-5N04T43
[2026-07-15 15:21:28] OS:       MINGW64_NT-10.0-19045 3.4.10-87d57229.x86_64
[2026-07-15 15:21:28] Kernel:   3.4.10-87d57229.x86_64
[2026-07-15 15:21:29] Uptime:   4 days, 4:7
[2026-07-15 15:21:29] === Resources ===
[2026-07-15 15:21:29] CPU:      12 cores, load average: 0.00, 0.00, 0.00
[2026-07-15 15:21:29] RAM:      не удалось получить (free не найден)
[2026-07-15 15:21:29] Disk /:   954G / Files/Git (474G used)
[2026-07-15 15:21:29] Docker не установлен, пропускаем.
[2026-07-15 15:21:29] === Service Health Checks ===
[2026-07-15 15:21:32] [FAIL] http://localhost:5000/health (ошибка соединения: 000 2.205337)
[2026-07-15 15:21:34] [FAIL] http://localhost:8080/health (ошибка соединения: 000 2.214781)
[2026-07-15 15:21:34] Result: 0/2 services healthy
[2026-07-15 15:22:03] ПРЕДУПРЕЖДЕНИЕ: docker не найден. Информация о контейнерах будет пропущена.
[2026-07-15 15:22:03] === Server Diagnostics ===
[2026-07-15 15:22:03] Date:     2026-07-15 15:22:03
[2026-07-15 15:22:03] Hostname: DESKTOP-5N04T43
[2026-07-15 15:22:03] OS:       MINGW64_NT-10.0-19045 3.4.10-87d57229.x86_64
[2026-07-15 15:22:03] Kernel:   3.4.10-87d57229.x86_64
[2026-07-15 15:22:04] Uptime:   4 days, 4:8
[2026-07-15 15:22:04] === Resources ===
[2026-07-15 15:22:04] CPU:      12 cores, load average: 0.00, 0.00, 0.00
[2026-07-15 15:22:04] RAM:      не удалось получить (free не найден)
[2026-07-15 15:22:04] Disk /:   954G / Files/Git (474G used)
[2026-07-15 15:22:04] Docker не установлен, пропускаем.
[2026-07-15 15:22:04] === Без проверки сервисов (URL не указаны) ===
[2026-07-15 15:47:39] === Server Diagnostics ===
[2026-07-15 15:47:39] Date:     2026-07-15 15:47:39
[2026-07-15 15:47:39] Hostname: DESKTOP-5N04T43
[2026-07-15 15:47:39] OS:       MINGW64_NT-10.0-19045 3.4.10-87d57229.x86_64
[2026-07-15 15:47:39] Kernel:   3.4.10-87d57229.x86_64
[2026-07-15 15:47:39] Uptime:   0:6
[2026-07-15 15:47:39] === Resources ===
[2026-07-15 15:47:40] CPU:      12 cores, load average: 0.00, 0.00, 0.00
[2026-07-15 15:47:40] RAM:      не удалось получить (free не найден)
[2026-07-15 15:47:40] Disk /:   954G / Files/Git (467G used)
[2026-07-15 15:47:40] === Docker ===
[2026-07-15 15:47:42] CONTAINER ID   IMAGE     STATUS
[2026-07-15 15:47:42] === Без проверки сервисов (URL не указаны) ===
